<?xml version="1.0" encoding="UTF-8"?>
<!-- Generated by org.testng.reporters.JUnitReportReporter -->
<testsuite hostname="DESKTOP-DPADHPC" failures="0" tests="1" name="Experenes" time="3.991" errors="0" timestamp="2022-11-24T12:33:11 PST" skipped="0">
  <testcase classname="Experenes" name="Dell_Lap_tob" time="3.991"/>
  <system-out/>
</testsuite> <!-- Experenes -->
