<?xml version="1.0" encoding="UTF-8"?>
<!-- Generated by org.testng.reporters.JUnitReportReporter -->
<testsuite hostname="DESKTOP-DPADHPC" failures="0" tests="1" name="NewJava" time="0.798" errors="0" timestamp="2022-11-19T07:08:04 PST" skipped="0">
  <testcase classname="NewJava" name="register" time="0.798"/>
  <system-out/>
</testsuite> <!-- NewJava -->
