<?xml version="1.0" encoding="UTF-8"?>
<!-- Generated by org.testng.reporters.JUnitReportReporter -->
<testsuite hostname="DESKTOP-DPADHPC" failures="0" tests="1" name="alertJs" time="4.392" errors="0" timestamp="2022-11-19T08:40:05 PST" skipped="0">
  <testcase classname="alertJs" name="face" time="4.392"/>
  <system-out/>
</testsuite> <!-- alertJs -->
