<?xml version="1.0" encoding="UTF-8"?>
<!-- Generated by org.testng.reporters.JUnitReportReporter -->
<testsuite hostname="DESKTOP-DPADHPC" failures="0" tests="1" name="Assement" time="0.712" errors="0" timestamp="2022-11-19T11:57:13 PST" skipped="0">
  <testcase classname="Assement" name="high_to_low" time="0.712"/>
  <system-out/>
</testsuite> <!-- Assement -->
